<?xml version="1.0" encoding="UTF-8"?>
<!-- Generated by org.testng.reporters.JUnitReportReporter -->
<testsuite hostname="Shweta" failures="0" tests="2" name="MavenCmd.TestLaunchApp" time="9.774" errors="0" timestamp="2024-10-05T15:19:44 IST" skipped="0">
  <testcase classname="MavenCmd.TestLaunchApp" name="test2" time="0.002"/>
  <system-out/>
  <testcase classname="MavenCmd.TestLaunchApp" name="LaunchAppTest" time="9.772"/>
  <system-out/>
</testsuite> <!-- MavenCmd.TestLaunchApp -->
