<?xml version="1.0" encoding="UTF-8"?>
<!-- Generated by org.testng.reporters.JUnitReportReporter -->
<testsuite hostname="Shweta" failures="0" tests="2" name="MavenCmd.TestCmdMaventest" time="0.015" errors="0" timestamp="2024-10-05T15:19:44 IST" skipped="0">
  <testcase classname="MavenCmd.TestCmdMaventest" name="Test2test" time="0.002"/>
  <system-out/>
  <testcase classname="MavenCmd.TestCmdMaventest" name="Test1test" time="0.013"/>
  <system-out/>
</testsuite> <!-- MavenCmd.TestCmdMaventest -->
